05, 15, 2018 (15:03:38): Opening rpy file C:\Program Files (x86)\IBM\Rational\Rhapsody Modeler\7.5\Share\Properties\PredefinedTypes.sbs
05, 15, 2018 (15:03:38): 
 Started loading C:\Program Files (x86)\IBM\Rational\Rhapsody Modeler\7.5\Share\Properties\PredefinedTypes.sbs on Tuesday, May 15, 2018 (15:03:38).-

05, 15, 2018 (15:03:38): 

Starting inUnit resolution phase


05, 15, 2018 (15:03:38): 

Finished inUnit resolution phase


05, 15, 2018 (15:03:38): 
 Finished loading C:\Program Files (x86)\IBM\Rational\Rhapsody Modeler\7.5\Share\Properties\PredefinedTypes.sbs on Tuesday, May 15, 2018 (15:03:38).-

05, 15, 2018 (15:03:38): Opening rpy file C:\Program Files (x86)\IBM\Rational\Rhapsody Modeler\7.5\Share\Properties\PredefinedTypesC++.sbs
05, 15, 2018 (15:03:38): 
 Started loading C:\Program Files (x86)\IBM\Rational\Rhapsody Modeler\7.5\Share\Properties\PredefinedTypesC++.sbs on Tuesday, May 15, 2018 (15:03:38).-

05, 15, 2018 (15:03:38): 

Starting inUnit resolution phase


05, 15, 2018 (15:03:38): 

Finished inUnit resolution phase


05, 15, 2018 (15:03:38): 
 Finished loading C:\Program Files (x86)\IBM\Rational\Rhapsody Modeler\7.5\Share\Properties\PredefinedTypesC++.sbs on Tuesday, May 15, 2018 (15:03:38).-

05, 15, 2018 (15:03:38): Opening rpy file C:\Users\aluno\Desktop\Luiz\UML\SemafaroContador\UML.rpy
05, 15, 2018 (15:03:38): 
 Started loading C:\Users\aluno\Desktop\Luiz\UML\SemafaroContador\UML.rpy on Tuesday, May 15, 2018 (15:03:38).-

05, 15, 2018 (15:03:38): Opening rpy file C:\Users\aluno\Desktop\Luiz\UML\SemafaroContador\UML_rpy\SubsystemsPkg.sbs
05, 15, 2018 (15:03:38): 
 Started loading C:\Users\aluno\Desktop\Luiz\UML\SemafaroContador\UML_rpy\SubsystemsPkg.sbs on Tuesday, May 15, 2018 (15:03:38).-

05, 15, 2018 (15:03:38): Opening rpy file C:\Users\aluno\Desktop\Luiz\UML\SemafaroContador\UML_rpy\CM_SubsystemPkg.sbs
05, 15, 2018 (15:03:38): 
 Started loading C:\Users\aluno\Desktop\Luiz\UML\SemafaroContador\UML_rpy\CM_SubsystemPkg.sbs on Tuesday, May 15, 2018 (15:03:38).-

05, 15, 2018 (15:03:38): 

Starting inUnit resolution phase


05, 15, 2018 (15:03:38): 

Finished inUnit resolution phase


05, 15, 2018 (15:03:38): 
 Finished loading C:\Users\aluno\Desktop\Luiz\UML\SemafaroContador\UML_rpy\CM_SubsystemPkg.sbs on Tuesday, May 15, 2018 (15:03:38).-

05, 15, 2018 (15:03:38): 

Starting inUnit resolution phase


05, 15, 2018 (15:03:38): 

Finished inUnit resolution phase


05, 15, 2018 (15:03:38): 
 Finished loading C:\Users\aluno\Desktop\Luiz\UML\SemafaroContador\UML_rpy\SubsystemsPkg.sbs on Tuesday, May 15, 2018 (15:03:38).-

05, 15, 2018 (15:03:38): Opening rpy file C:\Users\aluno\Desktop\Luiz\UML\SemafaroContador\UML_rpy\DefaultComponent.cmp
05, 15, 2018 (15:03:38): 
 Started loading C:\Users\aluno\Desktop\Luiz\UML\SemafaroContador\UML_rpy\DefaultComponent.cmp on Tuesday, May 15, 2018 (15:03:38).-

05, 15, 2018 (15:03:38): 

Starting inUnit resolution phase


05, 15, 2018 (15:03:38): 

Finished inUnit resolution phase


05, 15, 2018 (15:03:38): 
 Finished loading C:\Users\aluno\Desktop\Luiz\UML\SemafaroContador\UML_rpy\DefaultComponent.cmp on Tuesday, May 15, 2018 (15:03:38).-

05, 15, 2018 (15:03:38): 

Starting inUnit resolution phase


05, 15, 2018 (15:03:38): 

Finished inUnit resolution phase


05, 15, 2018 (15:03:38): 

Starting inUnit resolution phase


05, 15, 2018 (15:03:38): 

Finished inUnit resolution phase


05, 15, 2018 (15:03:38): 

Starting inUnit resolution phase


05, 15, 2018 (15:03:38): 

Finished inUnit resolution phase


05, 15, 2018 (15:03:38): 
 Finished loading C:\Users\aluno\Desktop\Luiz\UML\SemafaroContador\UML.rpy on Tuesday, May 15, 2018 (15:03:38).-

05, 15, 2018 (15:03:38): Starting checks of EventsBaseID conflicts
05, 15, 2018 (15:03:38): Finished checks of EventsBaseID conflicts
05, 15, 2018 (15:03:38): End Log
