04, 10, 2018 (14:33:44): Opening rpy file C:\Program Files (x86)\IBM\Rational\Rhapsody Modeler\7.5\Share\Properties\PredefinedTypes.sbs
04, 10, 2018 (14:33:44): 
 Started loading C:\Program Files (x86)\IBM\Rational\Rhapsody Modeler\7.5\Share\Properties\PredefinedTypes.sbs on Tuesday, April 10, 2018 (14:33:44).-

04, 10, 2018 (14:33:44): 

Starting inUnit resolution phase


04, 10, 2018 (14:33:44): 

Finished inUnit resolution phase


04, 10, 2018 (14:33:44): 
 Finished loading C:\Program Files (x86)\IBM\Rational\Rhapsody Modeler\7.5\Share\Properties\PredefinedTypes.sbs on Tuesday, April 10, 2018 (14:33:44).-

04, 10, 2018 (14:33:44): Opening rpy file C:\Program Files (x86)\IBM\Rational\Rhapsody Modeler\7.5\Share\Properties\PredefinedTypesC++.sbs
04, 10, 2018 (14:33:44): 
 Started loading C:\Program Files (x86)\IBM\Rational\Rhapsody Modeler\7.5\Share\Properties\PredefinedTypesC++.sbs on Tuesday, April 10, 2018 (14:33:44).-

04, 10, 2018 (14:33:44): 

Starting inUnit resolution phase


04, 10, 2018 (14:33:44): 

Finished inUnit resolution phase


04, 10, 2018 (14:33:44): 
 Finished loading C:\Program Files (x86)\IBM\Rational\Rhapsody Modeler\7.5\Share\Properties\PredefinedTypesC++.sbs on Tuesday, April 10, 2018 (14:33:44).-

04, 10, 2018 (14:33:44): Opening rpy file G:\1. Documentos\Mestrado Unicamp\Tópicos em Controle de Sistemas Mecânicos\Laboratório 6\Rational Modeler\ProjectLedRGB\ProjectLedRGB_auto_rpy\ProjectLedRGB.rpy
04, 10, 2018 (14:33:44): 
 Started loading G:\1. Documentos\Mestrado Unicamp\Tópicos em Controle de Sistemas Mecânicos\Laboratório 6\Rational Modeler\ProjectLedRGB\ProjectLedRGB_auto_rpy\ProjectLedRGB.rpy on Tuesday, April 10, 2018 (14:33:44).-

04, 10, 2018 (14:33:44): Opening rpy file G:\1. Documentos\Mestrado Unicamp\Tópicos em Controle de Sistemas Mecânicos\Laboratório 6\Rational Modeler\ProjectLedRGB\ProjectLedRGB_rpy\Default.sbs
04, 10, 2018 (14:33:44): 
 Started loading G:\1. Documentos\Mestrado Unicamp\Tópicos em Controle de Sistemas Mecânicos\Laboratório 6\Rational Modeler\ProjectLedRGB\ProjectLedRGB_rpy\Default.sbs on Tuesday, April 10, 2018 (14:33:44).-

04, 10, 2018 (14:33:44): 

Starting inUnit resolution phase


04, 10, 2018 (14:33:44): 

Finished inUnit resolution phase


04, 10, 2018 (14:33:44): 
 Finished loading G:\1. Documentos\Mestrado Unicamp\Tópicos em Controle de Sistemas Mecânicos\Laboratório 6\Rational Modeler\ProjectLedRGB\ProjectLedRGB_rpy\Default.sbs on Tuesday, April 10, 2018 (14:33:44).-

04, 10, 2018 (14:33:44): Opening rpy file G:\1. Documentos\Mestrado Unicamp\Tópicos em Controle de Sistemas Mecânicos\Laboratório 6\Rational Modeler\ProjectLedRGB\ProjectLedRGB_rpy\DefaultComponent.cmp
04, 10, 2018 (14:33:44): 
 Started loading G:\1. Documentos\Mestrado Unicamp\Tópicos em Controle de Sistemas Mecânicos\Laboratório 6\Rational Modeler\ProjectLedRGB\ProjectLedRGB_rpy\DefaultComponent.cmp on Tuesday, April 10, 2018 (14:33:44).-

04, 10, 2018 (14:33:44): 

Starting inUnit resolution phase


04, 10, 2018 (14:33:44): 

Finished inUnit resolution phase


04, 10, 2018 (14:33:44): 
 Finished loading G:\1. Documentos\Mestrado Unicamp\Tópicos em Controle de Sistemas Mecânicos\Laboratório 6\Rational Modeler\ProjectLedRGB\ProjectLedRGB_rpy\DefaultComponent.cmp on Tuesday, April 10, 2018 (14:33:44).-

04, 10, 2018 (14:33:44): 

Starting inUnit resolution phase


04, 10, 2018 (14:33:44): 

Finished inUnit resolution phase


04, 10, 2018 (14:33:44): 

Starting inUnit resolution phase


04, 10, 2018 (14:33:44): 

Finished inUnit resolution phase


04, 10, 2018 (14:33:44): 

Starting inUnit resolution phase


04, 10, 2018 (14:33:44): 

Finished inUnit resolution phase


04, 10, 2018 (14:33:44): 
 Finished loading G:\1. Documentos\Mestrado Unicamp\Tópicos em Controle de Sistemas Mecânicos\Laboratório 6\Rational Modeler\ProjectLedRGB\ProjectLedRGB_auto_rpy\ProjectLedRGB.rpy on Tuesday, April 10, 2018 (14:33:44).-

04, 10, 2018 (14:33:44): Starting checks of EventsBaseID conflicts
04, 10, 2018 (14:33:44): Finished checks of EventsBaseID conflicts
04, 10, 2018 (14:33:44): End Log
