04, 10, 2018 (15:40:30): Starting Pre-Save actions

04, 10, 2018 (15:40:30): Starting Dialogs Check/Save
04, 10, 2018 (15:40:30): Finished Dialogs Check/Save
04, 10, 2018 (15:40:30): Starting Controlled Files Resolution
04, 10, 2018 (15:40:30): Finished Controlled Files Resolution
04, 10, 2018 (15:40:30): Finished Pre-Save actions

04, 10, 2018 (15:40:30): Creating G:\1. Documentos\Mestrado Unicamp\Tópicos em Controle de Sistemas Mecânicos\Laboratório 6\Rational Modeler\ProjectLedRGB\ProjectLedRGB.rpy
04, 10, 2018 (15:40:30): 
Started writing G:\1. Documentos\Mestrado Unicamp\Tópicos em Controle de Sistemas Mecânicos\Laboratório 6\Rational Modeler\ProjectLedRGB\ProjectLedRGB.rpy on Tuesday, April 10, 2018 (15:40:30)

04, 10, 2018 (15:40:30): version 8.5.2
04, 10, 2018 (15:40:30): 
Started writing G:\1. Documentos\Mestrado Unicamp\Tópicos em Controle de Sistemas Mecânicos\Laboratório 6\Rational Modeler\ProjectLedRGB\ProjectLedRGB_rpy\filesTable.dat on Tuesday, April 10, 2018 (15:40:30)

04, 10, 2018 (15:40:30): Finished writing G:\1. Documentos\Mestrado Unicamp\Tópicos em Controle de Sistemas Mecânicos\Laboratório 6\Rational Modeler\ProjectLedRGB\ProjectLedRGB_rpy\filesTable.dat on Tuesday, April 10, 2018 (15:40:30)

04, 10, 2018 (15:40:31): Creating G:\1. Documentos\Mestrado Unicamp\Tópicos em Controle de Sistemas Mecânicos\Laboratório 6\Rational Modeler\ProjectLedRGB\ProjectLedRGB_rpy\package_0.sbs
04, 10, 2018 (15:40:31): 
Started writing G:\1. Documentos\Mestrado Unicamp\Tópicos em Controle de Sistemas Mecânicos\Laboratório 6\Rational Modeler\ProjectLedRGB\ProjectLedRGB_rpy\package_0.sbs on Tuesday, April 10, 2018 (15:40:31)

04, 10, 2018 (15:40:31): version 8.5.2
04, 10, 2018 (15:40:31): Finished writing G:\1. Documentos\Mestrado Unicamp\Tópicos em Controle de Sistemas Mecânicos\Laboratório 6\Rational Modeler\ProjectLedRGB\ProjectLedRGB_rpy\package_0.sbs on Tuesday, April 10, 2018 (15:40:31)

04, 10, 2018 (15:40:31): Finished writing G:\1. Documentos\Mestrado Unicamp\Tópicos em Controle de Sistemas Mecânicos\Laboratório 6\Rational Modeler\ProjectLedRGB\ProjectLedRGB.rpy on Tuesday, April 10, 2018 (15:40:31)

04, 10, 2018 (15:40:31): End Log
