05, 15, 2018 (16:15:33): Opening rpy file C:\Program Files (x86)\IBM\Rational\Rhapsody Modeler\7.5\Share\Properties\PredefinedTypes.sbs
05, 15, 2018 (16:15:33): 
 Started loading C:\Program Files (x86)\IBM\Rational\Rhapsody Modeler\7.5\Share\Properties\PredefinedTypes.sbs on Tuesday, May 15, 2018 (16:15:33).-

05, 15, 2018 (16:15:33): 

Starting inUnit resolution phase


05, 15, 2018 (16:15:33): 

Finished inUnit resolution phase


05, 15, 2018 (16:15:33): 
 Finished loading C:\Program Files (x86)\IBM\Rational\Rhapsody Modeler\7.5\Share\Properties\PredefinedTypes.sbs on Tuesday, May 15, 2018 (16:15:33).-

05, 15, 2018 (16:15:33): Opening rpy file C:\Program Files (x86)\IBM\Rational\Rhapsody Modeler\7.5\Share\Properties\PredefinedTypesC++.sbs
05, 15, 2018 (16:15:33): 
 Started loading C:\Program Files (x86)\IBM\Rational\Rhapsody Modeler\7.5\Share\Properties\PredefinedTypesC++.sbs on Tuesday, May 15, 2018 (16:15:33).-

05, 15, 2018 (16:15:33): 

Starting inUnit resolution phase


05, 15, 2018 (16:15:33): 

Finished inUnit resolution phase


05, 15, 2018 (16:15:33): 
 Finished loading C:\Program Files (x86)\IBM\Rational\Rhapsody Modeler\7.5\Share\Properties\PredefinedTypesC++.sbs on Tuesday, May 15, 2018 (16:15:33).-

05, 15, 2018 (16:15:33): Opening rpy file C:\Users\aluno\Desktop\Luiz\UML\FilaDeMensagens\UML.rpy
05, 15, 2018 (16:15:33): 
 Started loading C:\Users\aluno\Desktop\Luiz\UML\FilaDeMensagens\UML.rpy on Tuesday, May 15, 2018 (16:15:33).-

05, 15, 2018 (16:15:33): Opening rpy file C:\Users\aluno\Desktop\Luiz\UML\FilaDeMensagens\UML_rpy\SubsystemsPkg.sbs
05, 15, 2018 (16:15:33): 
 Started loading C:\Users\aluno\Desktop\Luiz\UML\FilaDeMensagens\UML_rpy\SubsystemsPkg.sbs on Tuesday, May 15, 2018 (16:15:33).-

05, 15, 2018 (16:15:33): Opening rpy file C:\Users\aluno\Desktop\Luiz\UML\FilaDeMensagens\UML_rpy\CM_SubsystemPkg.sbs
05, 15, 2018 (16:15:33): 
 Started loading C:\Users\aluno\Desktop\Luiz\UML\FilaDeMensagens\UML_rpy\CM_SubsystemPkg.sbs on Tuesday, May 15, 2018 (16:15:33).-

05, 15, 2018 (16:15:33): 

Starting inUnit resolution phase


05, 15, 2018 (16:15:33): 

Finished inUnit resolution phase


05, 15, 2018 (16:15:33): 
 Finished loading C:\Users\aluno\Desktop\Luiz\UML\FilaDeMensagens\UML_rpy\CM_SubsystemPkg.sbs on Tuesday, May 15, 2018 (16:15:33).-

05, 15, 2018 (16:15:33): 

Starting inUnit resolution phase


05, 15, 2018 (16:15:33): 

Finished inUnit resolution phase


05, 15, 2018 (16:15:33): 
 Finished loading C:\Users\aluno\Desktop\Luiz\UML\FilaDeMensagens\UML_rpy\SubsystemsPkg.sbs on Tuesday, May 15, 2018 (16:15:33).-

05, 15, 2018 (16:15:33): Opening rpy file C:\Users\aluno\Desktop\Luiz\UML\FilaDeMensagens\UML_rpy\DefaultComponent.cmp
05, 15, 2018 (16:15:33): 
 Started loading C:\Users\aluno\Desktop\Luiz\UML\FilaDeMensagens\UML_rpy\DefaultComponent.cmp on Tuesday, May 15, 2018 (16:15:33).-

05, 15, 2018 (16:15:33): 

Starting inUnit resolution phase


05, 15, 2018 (16:15:33): 

Finished inUnit resolution phase


05, 15, 2018 (16:15:33): 
 Finished loading C:\Users\aluno\Desktop\Luiz\UML\FilaDeMensagens\UML_rpy\DefaultComponent.cmp on Tuesday, May 15, 2018 (16:15:33).-

05, 15, 2018 (16:15:33): 

Starting inUnit resolution phase


05, 15, 2018 (16:15:33): 

Finished inUnit resolution phase


05, 15, 2018 (16:15:33): 

Starting inUnit resolution phase


05, 15, 2018 (16:15:33): 

Finished inUnit resolution phase


05, 15, 2018 (16:15:33): 

Starting inUnit resolution phase


05, 15, 2018 (16:15:33): 

Finished inUnit resolution phase


05, 15, 2018 (16:15:33): 
 Finished loading C:\Users\aluno\Desktop\Luiz\UML\FilaDeMensagens\UML.rpy on Tuesday, May 15, 2018 (16:15:33).-

05, 15, 2018 (16:15:33): Starting checks of EventsBaseID conflicts
05, 15, 2018 (16:15:33): Finished checks of EventsBaseID conflicts
05, 15, 2018 (16:15:33): End Log
