04, 10, 2018 (10:32:50): Opening rpy file C:\Program Files (x86)\IBM\Rational\Rhapsody Modeler\7.5\Share\Properties\PredefinedTypes.sbs
04, 10, 2018 (10:32:50): 
 Started loading C:\Program Files (x86)\IBM\Rational\Rhapsody Modeler\7.5\Share\Properties\PredefinedTypes.sbs on Tuesday, April 10, 2018 (10:32:50).-

04, 10, 2018 (10:32:50): 

Starting inUnit resolution phase


04, 10, 2018 (10:32:50): 

Finished inUnit resolution phase


04, 10, 2018 (10:32:50): 
 Finished loading C:\Program Files (x86)\IBM\Rational\Rhapsody Modeler\7.5\Share\Properties\PredefinedTypes.sbs on Tuesday, April 10, 2018 (10:32:50).-

04, 10, 2018 (10:32:50): Opening rpy file C:\Program Files (x86)\IBM\Rational\Rhapsody Modeler\7.5\Share\Properties\PredefinedTypesC++.sbs
04, 10, 2018 (10:32:50): 
 Started loading C:\Program Files (x86)\IBM\Rational\Rhapsody Modeler\7.5\Share\Properties\PredefinedTypesC++.sbs on Tuesday, April 10, 2018 (10:32:50).-

04, 10, 2018 (10:32:50): 

Starting inUnit resolution phase


04, 10, 2018 (10:32:50): 

Finished inUnit resolution phase


04, 10, 2018 (10:32:50): 
 Finished loading C:\Program Files (x86)\IBM\Rational\Rhapsody Modeler\7.5\Share\Properties\PredefinedTypesC++.sbs on Tuesday, April 10, 2018 (10:32:50).-

04, 10, 2018 (10:32:50): Opening rpy file F:\1. Documentos\Mestrado Unicamp\Tópicos em Controle de Sistemas Mecânicos\Laboratorio 4 - Rhapsody IBM\Handset\Handset.rpy
04, 10, 2018 (10:32:50): 
 Started loading F:\1. Documentos\Mestrado Unicamp\Tópicos em Controle de Sistemas Mecânicos\Laboratorio 4 - Rhapsody IBM\Handset\Handset.rpy on Tuesday, April 10, 2018 (10:32:50).-

04, 10, 2018 (10:32:50): Opening rpy file F:\1. Documentos\Mestrado Unicamp\Tópicos em Controle de Sistemas Mecânicos\Laboratorio 4 - Rhapsody IBM\Handset\Handset_rpy\RequirementsPkg.sbs
04, 10, 2018 (10:32:50): 
 Started loading F:\1. Documentos\Mestrado Unicamp\Tópicos em Controle de Sistemas Mecânicos\Laboratorio 4 - Rhapsody IBM\Handset\Handset_rpy\RequirementsPkg.sbs on Tuesday, April 10, 2018 (10:32:50).-

04, 10, 2018 (10:32:50): 

Starting inUnit resolution phase


04, 10, 2018 (10:32:50): 

Finished inUnit resolution phase


04, 10, 2018 (10:32:50): 
 Finished loading F:\1. Documentos\Mestrado Unicamp\Tópicos em Controle de Sistemas Mecânicos\Laboratorio 4 - Rhapsody IBM\Handset\Handset_rpy\RequirementsPkg.sbs on Tuesday, April 10, 2018 (10:32:50).-

04, 10, 2018 (10:32:50): Opening rpy file F:\1. Documentos\Mestrado Unicamp\Tópicos em Controle de Sistemas Mecânicos\Laboratorio 4 - Rhapsody IBM\Handset\Handset_rpy\AnalysisPkg.sbs
04, 10, 2018 (10:32:50): 
 Started loading F:\1. Documentos\Mestrado Unicamp\Tópicos em Controle de Sistemas Mecânicos\Laboratorio 4 - Rhapsody IBM\Handset\Handset_rpy\AnalysisPkg.sbs on Tuesday, April 10, 2018 (10:32:50).-

04, 10, 2018 (10:32:50): 

Starting inUnit resolution phase


04, 10, 2018 (10:32:50): 

Finished inUnit resolution phase


04, 10, 2018 (10:32:50): 
 Finished loading F:\1. Documentos\Mestrado Unicamp\Tópicos em Controle de Sistemas Mecânicos\Laboratorio 4 - Rhapsody IBM\Handset\Handset_rpy\AnalysisPkg.sbs on Tuesday, April 10, 2018 (10:32:50).-

04, 10, 2018 (10:32:50): Opening rpy file F:\1. Documentos\Mestrado Unicamp\Tópicos em Controle de Sistemas Mecânicos\Laboratorio 4 - Rhapsody IBM\Handset\Handset_rpy\ArchitecturePkg.sbs
04, 10, 2018 (10:32:50): 
 Started loading F:\1. Documentos\Mestrado Unicamp\Tópicos em Controle de Sistemas Mecânicos\Laboratorio 4 - Rhapsody IBM\Handset\Handset_rpy\ArchitecturePkg.sbs on Tuesday, April 10, 2018 (10:32:50).-

04, 10, 2018 (10:32:50): 

Starting inUnit resolution phase


04, 10, 2018 (10:32:50): 

Finished inUnit resolution phase


04, 10, 2018 (10:32:50): 
 Finished loading F:\1. Documentos\Mestrado Unicamp\Tópicos em Controle de Sistemas Mecânicos\Laboratorio 4 - Rhapsody IBM\Handset\Handset_rpy\ArchitecturePkg.sbs on Tuesday, April 10, 2018 (10:32:50).-

04, 10, 2018 (10:32:50): Opening rpy file F:\1. Documentos\Mestrado Unicamp\Tópicos em Controle de Sistemas Mecânicos\Laboratorio 4 - Rhapsody IBM\Handset\Handset_rpy\SubsystemsPkg.sbs
04, 10, 2018 (10:32:50): 
 Started loading F:\1. Documentos\Mestrado Unicamp\Tópicos em Controle de Sistemas Mecânicos\Laboratorio 4 - Rhapsody IBM\Handset\Handset_rpy\SubsystemsPkg.sbs on Tuesday, April 10, 2018 (10:32:50).-

04, 10, 2018 (10:32:50): Opening rpy file F:\1. Documentos\Mestrado Unicamp\Tópicos em Controle de Sistemas Mecânicos\Laboratorio 4 - Rhapsody IBM\Handset\Handset_rpy\CM_SubsystemPkg.sbs
04, 10, 2018 (10:32:50): 
 Started loading F:\1. Documentos\Mestrado Unicamp\Tópicos em Controle de Sistemas Mecânicos\Laboratorio 4 - Rhapsody IBM\Handset\Handset_rpy\CM_SubsystemPkg.sbs on Tuesday, April 10, 2018 (10:32:50).-

04, 10, 2018 (10:32:50): 

Starting inUnit resolution phase


04, 10, 2018 (10:32:50): 

Finished inUnit resolution phase


04, 10, 2018 (10:32:50): 
 Finished loading F:\1. Documentos\Mestrado Unicamp\Tópicos em Controle de Sistemas Mecânicos\Laboratorio 4 - Rhapsody IBM\Handset\Handset_rpy\CM_SubsystemPkg.sbs on Tuesday, April 10, 2018 (10:32:50).-

04, 10, 2018 (10:32:50): Opening rpy file F:\1. Documentos\Mestrado Unicamp\Tópicos em Controle de Sistemas Mecânicos\Laboratorio 4 - Rhapsody IBM\Handset\Handset_rpy\DL_SubsystemPkg.sbs
04, 10, 2018 (10:32:50): 
 Started loading F:\1. Documentos\Mestrado Unicamp\Tópicos em Controle de Sistemas Mecânicos\Laboratorio 4 - Rhapsody IBM\Handset\Handset_rpy\DL_SubsystemPkg.sbs on Tuesday, April 10, 2018 (10:32:50).-

04, 10, 2018 (10:32:50): 

Starting inUnit resolution phase


04, 10, 2018 (10:32:50): 

Finished inUnit resolution phase


04, 10, 2018 (10:32:50): 
 Finished loading F:\1. Documentos\Mestrado Unicamp\Tópicos em Controle de Sistemas Mecânicos\Laboratorio 4 - Rhapsody IBM\Handset\Handset_rpy\DL_SubsystemPkg.sbs on Tuesday, April 10, 2018 (10:32:50).-

04, 10, 2018 (10:32:50): Opening rpy file F:\1. Documentos\Mestrado Unicamp\Tópicos em Controle de Sistemas Mecânicos\Laboratorio 4 - Rhapsody IBM\Handset\Handset_rpy\MM_SubsystemPkg.sbs
04, 10, 2018 (10:32:50): 
 Started loading F:\1. Documentos\Mestrado Unicamp\Tópicos em Controle de Sistemas Mecânicos\Laboratorio 4 - Rhapsody IBM\Handset\Handset_rpy\MM_SubsystemPkg.sbs on Tuesday, April 10, 2018 (10:32:50).-

04, 10, 2018 (10:32:50): 

Starting inUnit resolution phase


04, 10, 2018 (10:32:50): 

Finished inUnit resolution phase


04, 10, 2018 (10:32:50): 
 Finished loading F:\1. Documentos\Mestrado Unicamp\Tópicos em Controle de Sistemas Mecânicos\Laboratorio 4 - Rhapsody IBM\Handset\Handset_rpy\MM_SubsystemPkg.sbs on Tuesday, April 10, 2018 (10:32:50).-

04, 10, 2018 (10:32:50): 

Starting inUnit resolution phase


04, 10, 2018 (10:32:50): 

Finished inUnit resolution phase


04, 10, 2018 (10:32:50): 
 Finished loading F:\1. Documentos\Mestrado Unicamp\Tópicos em Controle de Sistemas Mecânicos\Laboratorio 4 - Rhapsody IBM\Handset\Handset_rpy\SubsystemsPkg.sbs on Tuesday, April 10, 2018 (10:32:50).-

04, 10, 2018 (10:32:50): Opening rpy file F:\1. Documentos\Mestrado Unicamp\Tópicos em Controle de Sistemas Mecânicos\Laboratorio 4 - Rhapsody IBM\Handset\Handset_rpy\DefaultComponent.cmp
04, 10, 2018 (10:32:50): 
 Started loading F:\1. Documentos\Mestrado Unicamp\Tópicos em Controle de Sistemas Mecânicos\Laboratorio 4 - Rhapsody IBM\Handset\Handset_rpy\DefaultComponent.cmp on Tuesday, April 10, 2018 (10:32:50).-

04, 10, 2018 (10:32:50): 

Starting inUnit resolution phase


04, 10, 2018 (10:32:50): 

Finished inUnit resolution phase


04, 10, 2018 (10:32:50): 
 Finished loading F:\1. Documentos\Mestrado Unicamp\Tópicos em Controle de Sistemas Mecânicos\Laboratorio 4 - Rhapsody IBM\Handset\Handset_rpy\DefaultComponent.cmp on Tuesday, April 10, 2018 (10:32:50).-

04, 10, 2018 (10:32:50): 

Starting inUnit resolution phase


04, 10, 2018 (10:32:50): 

Finished inUnit resolution phase


04, 10, 2018 (10:32:50): 

Starting inUnit resolution phase


04, 10, 2018 (10:32:50): 

Finished inUnit resolution phase


04, 10, 2018 (10:32:50): 

Starting inUnit resolution phase


04, 10, 2018 (10:32:50): 

Finished inUnit resolution phase


04, 10, 2018 (10:32:50): 
 Finished loading F:\1. Documentos\Mestrado Unicamp\Tópicos em Controle de Sistemas Mecânicos\Laboratorio 4 - Rhapsody IBM\Handset\Handset.rpy on Tuesday, April 10, 2018 (10:32:50).-

04, 10, 2018 (10:32:50): Starting checks of EventsBaseID conflicts
04, 10, 2018 (10:32:50): Finished checks of EventsBaseID conflicts
04, 10, 2018 (10:32:50): End Log
