04, 10, 2018 (09:58:17): Opening rpy file C:\Program Files (x86)\IBM\Rational\Rhapsody Modeler\7.5\Share\Properties\PredefinedTypes.sbs
04, 10, 2018 (09:58:17): 
 Started loading C:\Program Files (x86)\IBM\Rational\Rhapsody Modeler\7.5\Share\Properties\PredefinedTypes.sbs on Tuesday, April 10, 2018 (09:58:17).-

04, 10, 2018 (09:58:17): 

Starting inUnit resolution phase


04, 10, 2018 (09:58:17): 

Finished inUnit resolution phase


04, 10, 2018 (09:58:17): 
 Finished loading C:\Program Files (x86)\IBM\Rational\Rhapsody Modeler\7.5\Share\Properties\PredefinedTypes.sbs on Tuesday, April 10, 2018 (09:58:17).-

04, 10, 2018 (09:58:17): Opening rpy file C:\Program Files (x86)\IBM\Rational\Rhapsody Modeler\7.5\Share\Properties\PredefinedTypesC++.sbs
04, 10, 2018 (09:58:17): 
 Started loading C:\Program Files (x86)\IBM\Rational\Rhapsody Modeler\7.5\Share\Properties\PredefinedTypesC++.sbs on Tuesday, April 10, 2018 (09:58:17).-

04, 10, 2018 (09:58:17): 

Starting inUnit resolution phase


04, 10, 2018 (09:58:17): 

Finished inUnit resolution phase


04, 10, 2018 (09:58:17): 
 Finished loading C:\Program Files (x86)\IBM\Rational\Rhapsody Modeler\7.5\Share\Properties\PredefinedTypesC++.sbs on Tuesday, April 10, 2018 (09:58:17).-

04, 10, 2018 (09:58:17): Opening rpy file C:\Users\aluno\Desktop\LED_RGB\LED_RGB.rpy
04, 10, 2018 (09:58:17): 
 Started loading C:\Users\aluno\Desktop\LED_RGB\LED_RGB.rpy on Tuesday, April 10, 2018 (09:58:17).-

04, 10, 2018 (09:58:17): Opening rpy file C:\Users\aluno\Desktop\LED_RGB\LED_RGB_rpy\Default.sbs
04, 10, 2018 (09:58:17): 
 Started loading C:\Users\aluno\Desktop\LED_RGB\LED_RGB_rpy\Default.sbs on Tuesday, April 10, 2018 (09:58:17).-

04, 10, 2018 (09:58:17): 

Starting inUnit resolution phase


04, 10, 2018 (09:58:17): 

Finished inUnit resolution phase


04, 10, 2018 (09:58:17): 
 Finished loading C:\Users\aluno\Desktop\LED_RGB\LED_RGB_rpy\Default.sbs on Tuesday, April 10, 2018 (09:58:17).-

04, 10, 2018 (09:58:17): Opening rpy file C:\Users\aluno\Desktop\LED_RGB\LED_RGB_rpy\SubsystemsPkg.sbs
04, 10, 2018 (09:58:17): 
 Started loading C:\Users\aluno\Desktop\LED_RGB\LED_RGB_rpy\SubsystemsPkg.sbs on Tuesday, April 10, 2018 (09:58:17).-

04, 10, 2018 (09:58:17): Opening rpy file C:\Users\aluno\Desktop\LED_RGB\LED_RGB_rpy\CM_SubsystemsPkg.sbs
04, 10, 2018 (09:58:17): 
 Started loading C:\Users\aluno\Desktop\LED_RGB\LED_RGB_rpy\CM_SubsystemsPkg.sbs on Tuesday, April 10, 2018 (09:58:17).-

04, 10, 2018 (09:58:17): 

Starting inUnit resolution phase


04, 10, 2018 (09:58:17): 

Finished inUnit resolution phase


04, 10, 2018 (09:58:17): 
 Finished loading C:\Users\aluno\Desktop\LED_RGB\LED_RGB_rpy\CM_SubsystemsPkg.sbs on Tuesday, April 10, 2018 (09:58:17).-

04, 10, 2018 (09:58:17): 

Starting inUnit resolution phase


04, 10, 2018 (09:58:17): 

Finished inUnit resolution phase


04, 10, 2018 (09:58:17): 
 Finished loading C:\Users\aluno\Desktop\LED_RGB\LED_RGB_rpy\SubsystemsPkg.sbs on Tuesday, April 10, 2018 (09:58:17).-

04, 10, 2018 (09:58:17): Opening rpy file C:\Users\aluno\Desktop\LED_RGB\LED_RGB_rpy\DefaultComponent.cmp
04, 10, 2018 (09:58:17): 
 Started loading C:\Users\aluno\Desktop\LED_RGB\LED_RGB_rpy\DefaultComponent.cmp on Tuesday, April 10, 2018 (09:58:17).-

04, 10, 2018 (09:58:17): 

Starting inUnit resolution phase


04, 10, 2018 (09:58:17): 

Finished inUnit resolution phase


04, 10, 2018 (09:58:17): 
 Finished loading C:\Users\aluno\Desktop\LED_RGB\LED_RGB_rpy\DefaultComponent.cmp on Tuesday, April 10, 2018 (09:58:17).-

04, 10, 2018 (09:58:17): 

Starting inUnit resolution phase


04, 10, 2018 (09:58:17): 

Finished inUnit resolution phase


04, 10, 2018 (09:58:17): 

Starting inUnit resolution phase


04, 10, 2018 (09:58:17): 

Finished inUnit resolution phase


04, 10, 2018 (09:58:17): 

Starting inUnit resolution phase


04, 10, 2018 (09:58:17): 

Finished inUnit resolution phase


04, 10, 2018 (09:58:17): 
 Finished loading C:\Users\aluno\Desktop\LED_RGB\LED_RGB.rpy on Tuesday, April 10, 2018 (09:58:17).-

04, 10, 2018 (09:58:17): Starting checks of EventsBaseID conflicts
04, 10, 2018 (09:58:17): Finished checks of EventsBaseID conflicts
04, 10, 2018 (09:58:17): End Log
