05, 15, 2018 (09:29:55): Opening rpy file C:\Program Files (x86)\IBM\Rational\Rhapsody Modeler\7.5\Share\Properties\PredefinedTypes.sbs
05, 15, 2018 (09:29:55): 
 Started loading C:\Program Files (x86)\IBM\Rational\Rhapsody Modeler\7.5\Share\Properties\PredefinedTypes.sbs on Tuesday, May 15, 2018 (09:29:55).-

05, 15, 2018 (09:29:55): 

Starting inUnit resolution phase


05, 15, 2018 (09:29:55): 

Finished inUnit resolution phase


05, 15, 2018 (09:29:55): 
 Finished loading C:\Program Files (x86)\IBM\Rational\Rhapsody Modeler\7.5\Share\Properties\PredefinedTypes.sbs on Tuesday, May 15, 2018 (09:29:55).-

05, 15, 2018 (09:29:55): Opening rpy file C:\Program Files (x86)\IBM\Rational\Rhapsody Modeler\7.5\Share\Properties\PredefinedTypesC++.sbs
05, 15, 2018 (09:29:55): 
 Started loading C:\Program Files (x86)\IBM\Rational\Rhapsody Modeler\7.5\Share\Properties\PredefinedTypesC++.sbs on Tuesday, May 15, 2018 (09:29:55).-

05, 15, 2018 (09:29:55): 

Starting inUnit resolution phase


05, 15, 2018 (09:29:55): 

Finished inUnit resolution phase


05, 15, 2018 (09:29:55): 
 Finished loading C:\Program Files (x86)\IBM\Rational\Rhapsody Modeler\7.5\Share\Properties\PredefinedTypesC++.sbs on Tuesday, May 15, 2018 (09:29:55).-

05, 15, 2018 (09:29:55): Opening rpy file C:\ES670 150650\Rhapsody\Project\Project.rpy
05, 15, 2018 (09:29:55): 
 Started loading C:\ES670 150650\Rhapsody\Project\Project.rpy on Tuesday, May 15, 2018 (09:29:55).-

05, 15, 2018 (09:29:55): Opening rpy file C:\ES670 150650\Rhapsody\Project\Project_rpy\SubsystemsPkg.sbs
05, 15, 2018 (09:29:55): 
 Started loading C:\ES670 150650\Rhapsody\Project\Project_rpy\SubsystemsPkg.sbs on Tuesday, May 15, 2018 (09:29:55).-

05, 15, 2018 (09:29:56): 

Starting inUnit resolution phase


05, 15, 2018 (09:29:56): 

Finished inUnit resolution phase


05, 15, 2018 (09:29:56): 
 Finished loading C:\ES670 150650\Rhapsody\Project\Project_rpy\SubsystemsPkg.sbs on Tuesday, May 15, 2018 (09:29:56).-

05, 15, 2018 (09:29:56): Opening rpy file C:\ES670 150650\Rhapsody\Project\Project_rpy\AnalysisPkg.sbs
05, 15, 2018 (09:29:56): 
 Started loading C:\ES670 150650\Rhapsody\Project\Project_rpy\AnalysisPkg.sbs on Tuesday, May 15, 2018 (09:29:56).-

05, 15, 2018 (09:29:56): 

Starting inUnit resolution phase


05, 15, 2018 (09:29:56): 

Finished inUnit resolution phase


05, 15, 2018 (09:29:56): 
 Finished loading C:\ES670 150650\Rhapsody\Project\Project_rpy\AnalysisPkg.sbs on Tuesday, May 15, 2018 (09:29:56).-

05, 15, 2018 (09:29:56): Opening rpy file C:\ES670 150650\Rhapsody\Project\Project_rpy\RequirementsPkg_0.sbs
05, 15, 2018 (09:29:56): 
 Started loading C:\ES670 150650\Rhapsody\Project\Project_rpy\RequirementsPkg_0.sbs on Tuesday, May 15, 2018 (09:29:56).-

05, 15, 2018 (09:29:56): 

Starting inUnit resolution phase


05, 15, 2018 (09:29:56): 

Finished inUnit resolution phase


05, 15, 2018 (09:29:56): 
 Finished loading C:\ES670 150650\Rhapsody\Project\Project_rpy\RequirementsPkg_0.sbs on Tuesday, May 15, 2018 (09:29:56).-

05, 15, 2018 (09:29:56): Opening rpy file C:\ES670 150650\Rhapsody\Project\Project_rpy\ArchitecturePkg.sbs
05, 15, 2018 (09:29:56): 
 Started loading C:\ES670 150650\Rhapsody\Project\Project_rpy\ArchitecturePkg.sbs on Tuesday, May 15, 2018 (09:29:56).-

05, 15, 2018 (09:29:56): 

Starting inUnit resolution phase


05, 15, 2018 (09:29:56): 

Finished inUnit resolution phase


05, 15, 2018 (09:29:56): 
 Finished loading C:\ES670 150650\Rhapsody\Project\Project_rpy\ArchitecturePkg.sbs on Tuesday, May 15, 2018 (09:29:56).-

05, 15, 2018 (09:29:56): Opening rpy file C:\ES670 150650\Rhapsody\Project\Project_rpy\protocolo.sbs
05, 15, 2018 (09:29:56): 
 Started loading C:\ES670 150650\Rhapsody\Project\Project_rpy\protocolo.sbs on Tuesday, May 15, 2018 (09:29:56).-

05, 15, 2018 (09:29:56): 

Starting inUnit resolution phase


05, 15, 2018 (09:29:56): 

Finished inUnit resolution phase


05, 15, 2018 (09:29:56): 
 Finished loading C:\ES670 150650\Rhapsody\Project\Project_rpy\protocolo.sbs on Tuesday, May 15, 2018 (09:29:56).-

05, 15, 2018 (09:29:56): Opening rpy file C:\ES670 150650\Rhapsody\Project\Project_rpy\serial.sbs
05, 15, 2018 (09:29:56): 
 Started loading C:\ES670 150650\Rhapsody\Project\Project_rpy\serial.sbs on Tuesday, May 15, 2018 (09:29:56).-

05, 15, 2018 (09:29:56): 

Starting inUnit resolution phase


05, 15, 2018 (09:29:56): 

Finished inUnit resolution phase


05, 15, 2018 (09:29:56): 
 Finished loading C:\ES670 150650\Rhapsody\Project\Project_rpy\serial.sbs on Tuesday, May 15, 2018 (09:29:56).-

05, 15, 2018 (09:29:56): Opening rpy file C:\ES670 150650\Rhapsody\Project\Project_rpy\Sources.sbs
05, 15, 2018 (09:29:56): 
 Started loading C:\ES670 150650\Rhapsody\Project\Project_rpy\Sources.sbs on Tuesday, May 15, 2018 (09:29:56).-

05, 15, 2018 (09:29:56): Opening rpy file C:\ES670 150650\Rhapsody\Project\Project_rpy\package_3.sbs
05, 15, 2018 (09:29:56): 
 Started loading C:\ES670 150650\Rhapsody\Project\Project_rpy\package_3.sbs on Tuesday, May 15, 2018 (09:29:56).-

05, 15, 2018 (09:29:56): 

Starting inUnit resolution phase


05, 15, 2018 (09:29:56): 

Finished inUnit resolution phase


05, 15, 2018 (09:29:56): 
 Finished loading C:\ES670 150650\Rhapsody\Project\Project_rpy\package_3.sbs on Tuesday, May 15, 2018 (09:29:56).-

05, 15, 2018 (09:29:56): Opening rpy file C:\ES670 150650\Rhapsody\Project\Project_rpy\package_5.sbs
05, 15, 2018 (09:29:56): 
 Started loading C:\ES670 150650\Rhapsody\Project\Project_rpy\package_5.sbs on Tuesday, May 15, 2018 (09:29:56).-

05, 15, 2018 (09:29:56): 

Starting inUnit resolution phase


05, 15, 2018 (09:29:56): 

Finished inUnit resolution phase


05, 15, 2018 (09:29:56): 
 Finished loading C:\ES670 150650\Rhapsody\Project\Project_rpy\package_5.sbs on Tuesday, May 15, 2018 (09:29:56).-

05, 15, 2018 (09:29:56): Opening rpy file C:\ES670 150650\Rhapsody\Project\Project_rpy\package_6.sbs
05, 15, 2018 (09:29:56): 
 Started loading C:\ES670 150650\Rhapsody\Project\Project_rpy\package_6.sbs on Tuesday, May 15, 2018 (09:29:56).-

05, 15, 2018 (09:29:56): 

Starting inUnit resolution phase


05, 15, 2018 (09:29:56): 

Finished inUnit resolution phase


05, 15, 2018 (09:29:56): 
 Finished loading C:\ES670 150650\Rhapsody\Project\Project_rpy\package_6.sbs on Tuesday, May 15, 2018 (09:29:56).-

05, 15, 2018 (09:29:56): Opening rpy file C:\ES670 150650\Rhapsody\Project\Project_rpy\buzzer.sbs
05, 15, 2018 (09:29:56): 
 Started loading C:\ES670 150650\Rhapsody\Project\Project_rpy\buzzer.sbs on Tuesday, May 15, 2018 (09:29:56).-

05, 15, 2018 (09:29:56): 

Starting inUnit resolution phase


05, 15, 2018 (09:29:56): 

Finished inUnit resolution phase


05, 15, 2018 (09:29:56): 
 Finished loading C:\ES670 150650\Rhapsody\Project\Project_rpy\buzzer.sbs on Tuesday, May 15, 2018 (09:29:56).-

05, 15, 2018 (09:29:56): Opening rpy file C:\ES670 150650\Rhapsody\Project\Project_rpy\Display7seg.sbs
05, 15, 2018 (09:29:56): 
 Started loading C:\ES670 150650\Rhapsody\Project\Project_rpy\Display7seg.sbs on Tuesday, May 15, 2018 (09:29:56).-

05, 15, 2018 (09:29:56): 

Starting inUnit resolution phase


05, 15, 2018 (09:29:56): 

Finished inUnit resolution phase


05, 15, 2018 (09:29:56): 
 Finished loading C:\ES670 150650\Rhapsody\Project\Project_rpy\Display7seg.sbs on Tuesday, May 15, 2018 (09:29:56).-

05, 15, 2018 (09:29:56): Opening rpy file C:\ES670 150650\Rhapsody\Project\Project_rpy\KL25Z.sbs
05, 15, 2018 (09:29:56): 
 Started loading C:\ES670 150650\Rhapsody\Project\Project_rpy\KL25Z.sbs on Tuesday, May 15, 2018 (09:29:56).-

05, 15, 2018 (09:29:56): 

Starting inUnit resolution phase


05, 15, 2018 (09:29:56): 

Finished inUnit resolution phase


05, 15, 2018 (09:29:56): 
 Finished loading C:\ES670 150650\Rhapsody\Project\Project_rpy\KL25Z.sbs on Tuesday, May 15, 2018 (09:29:56).-

05, 15, 2018 (09:29:56): Opening rpy file C:\ES670 150650\Rhapsody\Project\Project_rpy\display_hal.sbs
05, 15, 2018 (09:29:56): 
 Started loading C:\ES670 150650\Rhapsody\Project\Project_rpy\display_hal.sbs on Tuesday, May 15, 2018 (09:29:56).-

05, 15, 2018 (09:29:56): 

Starting inUnit resolution phase


05, 15, 2018 (09:29:56): 

Finished inUnit resolution phase


05, 15, 2018 (09:29:56): 
 Finished loading C:\ES670 150650\Rhapsody\Project\Project_rpy\display_hal.sbs on Tuesday, May 15, 2018 (09:29:56).-

05, 15, 2018 (09:29:56): Opening rpy file C:\ES670 150650\Rhapsody\Project\Project_rpy\Taco.sbs
05, 15, 2018 (09:29:56): 
 Started loading C:\ES670 150650\Rhapsody\Project\Project_rpy\Taco.sbs on Tuesday, May 15, 2018 (09:29:56).-

05, 15, 2018 (09:29:56): 

Starting inUnit resolution phase


05, 15, 2018 (09:29:56): 

Finished inUnit resolution phase


05, 15, 2018 (09:29:56): 
 Finished loading C:\ES670 150650\Rhapsody\Project\Project_rpy\Taco.sbs on Tuesday, May 15, 2018 (09:29:56).-

05, 15, 2018 (09:29:56): Opening rpy file C:\ES670 150650\Rhapsody\Project\Project_rpy\Cooler.sbs
05, 15, 2018 (09:29:56): 
 Started loading C:\ES670 150650\Rhapsody\Project\Project_rpy\Cooler.sbs on Tuesday, May 15, 2018 (09:29:56).-

05, 15, 2018 (09:29:56): 

Starting inUnit resolution phase


05, 15, 2018 (09:29:56): 

Finished inUnit resolution phase


05, 15, 2018 (09:29:56): 
 Finished loading C:\ES670 150650\Rhapsody\Project\Project_rpy\Cooler.sbs on Tuesday, May 15, 2018 (09:29:56).-

05, 15, 2018 (09:29:56): 

Starting inUnit resolution phase


05, 15, 2018 (09:29:56): 

Finished inUnit resolution phase


05, 15, 2018 (09:29:56): 
 Finished loading C:\ES670 150650\Rhapsody\Project\Project_rpy\Sources.sbs on Tuesday, May 15, 2018 (09:29:56).-

05, 15, 2018 (09:29:56): Opening rpy file C:\ES670 150650\Rhapsody\Project\Project_rpy\DefaultComponent.cmp
05, 15, 2018 (09:29:56): 
 Started loading C:\ES670 150650\Rhapsody\Project\Project_rpy\DefaultComponent.cmp on Tuesday, May 15, 2018 (09:29:56).-

05, 15, 2018 (09:29:56): 

Starting inUnit resolution phase


05, 15, 2018 (09:29:56): 

Finished inUnit resolution phase


05, 15, 2018 (09:29:56): 
 Finished loading C:\ES670 150650\Rhapsody\Project\Project_rpy\DefaultComponent.cmp on Tuesday, May 15, 2018 (09:29:56).-

05, 15, 2018 (09:29:56): 

Starting inUnit resolution phase


05, 15, 2018 (09:29:56): 

Finished inUnit resolution phase


05, 15, 2018 (09:29:56): 

Starting inUnit resolution phase


05, 15, 2018 (09:29:56): 

Finished inUnit resolution phase


05, 15, 2018 (09:29:56): 

Starting inUnit resolution phase


05, 15, 2018 (09:29:56): 

Finished inUnit resolution phase


05, 15, 2018 (09:29:56): 
 Finished loading C:\ES670 150650\Rhapsody\Project\Project.rpy on Tuesday, May 15, 2018 (09:29:56).-

05, 15, 2018 (09:29:56): Starting checks of EventsBaseID conflicts
05, 15, 2018 (09:29:56): Finished checks of EventsBaseID conflicts
05, 15, 2018 (09:29:56): End Log
